<?xml version="1.0" encoding="UTF-8"?>
<!-- Generated by org.testng.reporters.JUnitXMLReporter -->
<testsuite ignored="0" hostname="DESKTOP-BFT70QO" failures="1" tests="3" name="Test" time="343.49" errors="0" timestamp="2022-10-18T16:01:13 IST">
  <testcase classname="Com.OrangeHRM.TestCases.HomepageTest" name="EmployeeName" time="44.737"/>
  <testcase classname="Com.OrangeHRM.TestCases.LoginpageTest" name="OrangeHRMPageTitle" time="25.31"/>
  <testcase classname="Com.OrangeHRM.TestCases.LoginpageTest" name="OrangeUername" time="29.489">
    <failure type="java.lang.AssertionError">
      <![CDATA[java.lang.AssertionError: 
at Com.OrangeHRM.TestCases.LoginpageTest.OrangeUername(LoginpageTest.java:35)
at java.base/java.util.ArrayList.forEach(ArrayList.java:1541)
... Removed 30 stack frames]]>
    </failure>
  </testcase> <!-- OrangeUername -->
</testsuite> <!-- Test -->
